7208300000
7363300000
7518300000
7673300000
7719534693
7765769387
7812004081
7858238775
7904473469
7950708163
7996942857
8043177551
8089412244
8135646938
8181881632
8228116326
8274351020
8320585714
8366820408
8413055102
8459289795
8505524489
8551759183
8597993877
8644228571
8690463265
8736697959
8782932653
8829167346
8875402040
8921636734
8967871428
9014106122
9060340816
9106575510
9152810204
9199044897
9245279591
9291514285
9337748979
9383983673
9430218367
9476453061
9522687755
9568922448
9615157142
9661391836
9707626530
9753861224
9800095918
9846330612
9892565306
9938800000
9940900000
9943000000
9945100000
9947200000
9949300000
9951400000
9953500000
9953556793
9953613587
9953670381
9953727175
9953783969
9953840763
9953897557
9953954351
9954011145
9954067938
9954124732
9954181526
9954238320
9954295114
9954351908
9954408702
9954465496
9954522290
9954579083
9954635877
9954692671
9954749465
9954806259
9954863053
9954919847
9954976641
9955033435
9955090229
9955147022
9955203816
9955260610
9955317404
9955374198
9955430992
9955487786
9955544580
9955601374
9955658167
9955714961
9955771755
9955828549
9955885343
9955942137
9955998931
9956055725
9956112519
9956169312
9956226106
9956282900
9956339694
9956396488
9956453282
9956510076
9956566870
9956623664
9956680458
9956737251
9956794045
9956850839
9956907633
9956964427
9957021221
9957078015
9957134809
9957191603
9957248396
9957305190
9957361984
9957418778
9957475572
9957532366
9957589160
9957645954
9957702748
9957759541
9957816335
9957873129
9957929923
9957986717
9958043511
9958100305
9958157099
9958213893
9958270687
9958327480
9958384274
9958441068
9958497862
9958554656
9958611450
9958668244
9958725038
9958781832
9958838625
9958895419
9958952213
9959009007
9959065801
9959122595
9959179389
9959236183
9959292977
9959349770
9959406564
9959463358
9959520152
9959576946
9959633740
9959690534
9959747328
9959804122
9959860916
9959917709
9959974503
9960031297
9960088091
9960144885
9960201679
9960258473
9960315267
9960372061
9960428854
9960485648
9960542442
9960599236
9960656030
9960712824
9960769618
9960826412
9960883206
9960940000
9960996793
9961053587
9961110381
9961167175
9961223969
9961280763
9961337557
9961394351
9961451145
9961507938
9961564732
9961621526
9961678320
9961735114
9961791908
9961848702
9961905496
9961962290
9962019083
9962075877
9962132671
9962189465
9962246259
9962303053
9962359847
9962416641
9962473435
9962530229
9962587022
9962643816
9962700610
9962757404
9962814198
9962870992
9962927786
9962984580
9963041374
9963098167
9963154961
9963211755
9963268549
9963325343
9963382137
9963438931
9963495725
9963552519
9963609312
9963666106
9963722900
9963779694
9963836488
9963893282
9963950076
9964006870
9964063664
9964120458
9964177251
9964234045
9964290839
9964347633
9964404427
9964461221
9964518015
9964574809
9964631603
9964688396
9964745190
9964801984
9964858778
9964915572
9964972366
9965029160
9965085954
9965142748
9965199541
9965256335
9965313129
9965369923
9965426717
9965483511
9965540305
9965597099
9965653893
9965710687
9965767480
9965824274
9965881068
9965937862
9965994656
9966051450
9966108244
9966165038
9966221832
9966278625
9966335419
9966392213
9966449007
9966505801
9966562595
9966619389
9966676183
9966732977
9966789770
9966846564
9966903358
9966960152
9967016946
9967073740
9967130534
9967187328
9967244122
9967300916
9967357709
9967414503
9967471297
9967528091
9967584885
9967641679
9967698473
9967755267
9967812061
9967868854
9967925648
9967982442
9968039236
9968096030
9968152824
9968209618
9968266412
9968323206
9968380000
9968436793
9968493587
9968550381
9968607175
9968663969
9968720763
9968777557
9968834351
9968891145
9968947938
9969004732
9969061526
9969118320
9969175114
9969231908
9969288702
9969345496
9969402290
9969459083
9969515877
9969572671
9969629465
9969686259
9969743053
9969799847
9969856641
9969913435
9969970229
9970027022
9970083816
9970140610
9970197404
9970254198
9970310992
9970367786
9970424580
9970481374
9970538167
9970594961
9970651755
9970708549
9970765343
9970822137
9970878931
9970935725
9970992519
9971049312
9971106106
9971162900
9971219694
9971276488
9971333282
9971390076
9971446870
9971503664
9971560458
9971617251
9971674045
9971730839
9971787633
9971844427
9971901221
9971958015
9972014809
9972071603
9972128396
9972185190
9972241984
9972298778
9972355572
9972412366
9972469160
9972525954
9972582748
9972639541
9972696335
9972753129
9972809923
9972866717
9972923511
9972980305
9973037099
9973093893
9973150687
9973207480
9973264274
9973321068
9973377862
9973434656
9973491450
9973548244
9973605038
9973661832
9973718625
9973775419
9973832213
9973889007
9973945801
9974002595
9974059389
9974116183
9974172977
9974229770
9974286564
9974343358
9974400152
9974456946
9974513740
9974570534
9974627328
9974684122
9974740916
9974797709
9974854503
9974911297
9974968091
9975024885
9975081679
9975138473
9975195267
9975252061
9975308854
9975365648
9975422442
9975479236
9975536030
9975592824
9975649618
9975706412
9975763206
9975820000
9975876793
9975933587
9975990381
9976047175
9976103969
9976160763
9976217557
9976274351
9976331145
9976387938
9976444732
9976501526
9976558320
9976615114
9976671908
9976728702
9976785496
9976842290
9976899083
9976955877
9977012671
9977069465
9977126259
9977183053
9977239847
9977296641
9977353435
9977410229
9977467022
9977523816
9977580610
9977637404
9977694198
9977750992
9977807786
9977864580
9977921374
9977978167
9978034961
9978091755
9978148549
9978205343
9978262137
9978318931
9978375725
9978432519
9978489312
9978546106
9978602900
9978659694
9978716488
9978773282
9978830076
9978886870
9978943664
9979000458
9979057251
9979114045
9979170839
9979227633
9979284427
9979341221
9979398015
9979454809
9979511603
9979568396
9979625190
9979681984
9979738778
9979795572
9979852366
9979909160
9979965954
9980022748
9980079541
9980136335
9980193129
9980249923
9980306717
9980363511
9980420305
9980477099
9980533893
9980590687
9980647480
9980704274
9980761068
9980817862
9980874656
9980931450
9980988244
9981045038
9981101832
9981158625
9981215419
9981272213
9981329007
9981385801
9981442595
9981499389
9981556183
9981612977
9981669770
9981726564
9981783358
9981840152
9981896946
9981953740
9982010534
9982067328
9982124122
9982180916
9982237709
9982294503
9982351297
9982408091
9982464885
9982521679
9982578473
9982635267
9982692061
9982748854
9982805648
9982862442
9982919236
9982976030
9983032824
9983089618
9983146412
9983203206
9983260000
9983316793
9983373587
9983430381
9983487175
9983543969
9983600763
9983657557
9983714351
9983771145
9983827938
9983884732
9983941526
9983998320
9984055114
9984111908
9984168702
9984225496
9984282290
9984339083
9984395877
9984452671
9984509465
9984566259
9984623053
9984679847
9984736641
9984793435
9984850229
9984907022
9984963816
9985020610
9985077404
9985134198
9985190992
9985247786
9985304580
9985361374
9985418167
9985474961
9985531755
9985588549
9985645343
9985702137
9985758931
9985815725
9985872519
9985929312
9985986106
9986042900
9986099694
9986156488
9986213282
9986270076
9986326870
9986383664
9986440458
9986497251
9986554045
9986610839
9986667633
9986724427
9986781221
9986838015
9986894809
9986951603
9987008396
9987065190
9987121984
9987178778
9987235572
9987292366
9987349160
9987405954
9987462748
9987519541
9987576335
9987633129
9987689923
9987746717
9987803511
9987860305
9987917099
9987973893
9988030687
9988087480
9988144274
9988201068
9988257862
9988314656
9988371450
9988428244
9988485038
9988541832
9988598625
9988655419
9988712213
9988769007
9988825801
9988882595
9988939389
9988996183
9989052977
9989109770
9989166564
9989223358
9989280152
9989336946
9989393740
9989450534
9989507328
9989564122
9989620916
9989677709
9989734503
9989791297
9989848091
9989904885
9989961679
9990018473
9990075267
9990132061
9990188854
9990245648
9990302442
9990359236
9990416030
9990472824
9990529618
9990586412
9990643206
9990700000
9990706072
9990712144
9990718216
9990724288
9990730360
9990736432
9990742504
9990748576
9990754648
9990760721
9990766793
9990772865
9990778937
9990785009
9990791081
9990797153
9990803225
9990809297
9990815370
9990821442
9990827514
9990833586
9990839658
9990845730
9990851802
9990857874
9990863946
9990870018
9990876091
9990882163
9990888235
9990894307
9990900379
9990906451
9990912523
9990918595
9990924667
9990930740
9990936812
9990942884
9990948956
9990955028
9990961100
9990967172
9990973244
9990979316
9990985388
9990991461
9990997533
9991003605
9991009677
9991015749
9991021821
9991027893
9991033965
9991040037
9991046110
9991052182
9991058254
9991064326
9991070398
9991076470
9991082542
9991088614
9991094686
9991100759
9991106831
9991112903
9991118975
9991125047
9991131119
9991137191
9991143263
9991149335
9991155407
9991161480
9991167552
9991173624
9991179696
9991185768
9991191840
9991197912
9991203984
9991210056
9991216129
9991222201
9991228273
9991234345
9991240417
9991246489
9991252561
9991258633
9991264705
9991270777
9991276850
9991282922
9991288994
9991295066
9991301138
9991307210
9991313282
9991319354
9991325426
9991331499
9991337571
9991343643
9991349715
9991355787
9991361859
9991367931
9991374003
9991380075
9991386148
9991392220
9991398292
9991404364
9991410436
9991416508
9991422580
9991428652
9991434724
9991440796
9991446869
9991452941
9991459013
9991465085
9991471157
9991477229
9991483301
9991489373
9991495445
9991501518
9991507590
9991513662
9991519734
9991525806
9991531878
9991537950
9991544022
9991550094
9991556166
9991562239
9991568311
9991574383
9991580455
9991586527
9991592599
9991598671
9991604743
9991610815
9991616888
9991622960
9991629032
9991635104
9991641176
9991647248
9991653320
9991659392
9991665464
9991671537
9991677609
9991683681
9991689753
9991695825
9991701897
9991707969
9991714041
9991720113
9991726185
9991732258
9991738330
9991744402
9991750474
9991756546
9991762618
9991768690
9991774762
9991780834
9991786907
9991792979
9991799051
9991805123
9991811195
9991817267
9991823339
9991829411
9991835483
9991841555
9991847628
9991853700
9991859772
9991865844
9991871916
9991877988
9991884060
9991890132
9991896204
9991902277
9991908349
9991914421
9991920493
9991926565
9991932637
9991938709
9991944781
9991950853
9991956925
9991962998
9991969070
9991975142
9991981214
9991987286
9991993358
9991999430
9992005502
9992011574
9992017647
9992023719
9992029791
9992035863
9992041935
9992048007
9992054079
9992060151
9992066223
9992072296
9992078368
9992084440
9992090512
9992096584
9992102656
9992108728
9992114800
9992120872
9992126944
9992133017
9992139089
9992145161
9992151233
9992157305
9992163377
9992169449
9992175521
9992181593
9992187666
9992193738
9992199810
9992205882
9992211954
9992218026
9992224098
9992230170
9992236242
9992242314
9992248387
9992254459
9992260531
9992266603
9992272675
9992278747
9992284819
9992290891
9992296963
9992303036
9992309108
9992315180
9992321252
9992327324
9992333396
9992339468
9992345540
9992351612
9992357685
9992363757
9992369829
9992375901
9992381973
9992388045
9992394117
9992400189
9992406261
9992412333
9992418406
9992424478
9992430550
9992436622
9992442694
9992448766
9992454838
9992460910
9992466982
9992473055
9992479127
9992485199
9992491271
9992497343
9992503415
9992509487
9992515559
9992521631
9992527703
9992533776
9992539848
9992545920
9992551992
9992558064
9992564136
9992570208
9992576280
9992582352
9992588425
9992594497
9992600569
9992606641
9992612713
9992618785
9992624857
9992630929
9992637001
9992643074
9992649146
9992655218
9992661290
9992667362
9992673434
9992679506
9992685578
9992691650
9992697722
9992703795
9992709867
9992715939
9992722011
9992728083
9992734155
9992740227
9992746299
9992752371
9992758444
9992764516
9992770588
9992776660
9992782732
9992788804
9992794876
9992800948
9992807020
9992813092
9992819165
9992825237
9992831309
9992837381
9992843453
9992849525
9992855597
9992861669
9992867741
9992873814
9992879886
9992885958
9992892030
9992898102
9992904174
9992910246
9992916318
9992922390
9992928462
9992934535
9992940607
9992946679
9992952751
9992958823
9992964895
9992970967
9992977039
9992983111
9992989184
9992995256
9993001328
9993007400
9993013472
9993019544
9993025616
9993031688
9993037760
9993043833
9993049905
9993055977
9993062049
9993068121
9993074193
9993080265
9993086337
9993092409
9993098481
9993104554
9993110626
9993116698
9993122770
9993128842
9993134914
9993140986
9993147058
9993153130
9993159203
9993165275
9993171347
9993177419
9993183491
9993189563
9993195635
9993201707
9993207779
9993213851
9993219924
9993225996
9993232068
9993238140
9993244212
9993250284
9993256356
9993262428
9993268500
9993274573
9993280645
9993286717
9993292789
9993298861
9993304933
9993311005
9993317077
9993323149
9993329222
9993335294
9993341366
9993347438
9993353510
9993359582
9993365654
9993371726
9993377798
9993383870
9993389943
9993396015
9993402087
9993408159
9993414231
9993420303
9993426375
9993432447
9993438519
9993444592
9993450664
9993456736
9993462808
9993468880
9993474952
9993481024
9993487096
9993493168
9993499240
9993505313
9993511385
9993517457
9993523529
9993529601
9993535673
9993541745
9993547817
9993553889
9993559962
9993566034
9993572106
9993578178
9993584250
9993590322
9993596394
9993602466
9993608538
9993614611
9993620683
9993626755
9993632827
9993638899
9993644971
9993651043
9993657115
9993663187
9993669259
9993675332
9993681404
9993687476
9993693548
9993699620
9993705692
9993711764
9993717836
9993723908
9993729981
9993736053
9993742125
9993748197
9993754269
9993760341
9993766413
9993772485
9993778557
9993784629
9993790702
9993796774
9993802846
9993808918
9993814990
9993821062
9993827134
9993833206
9993839278
9993845351
9993851423
9993857495
9993863567
9993869639
9993875711
9993881783
9993887855
9993893927
9993900000
9993897589
9993895178
9993892767
9993890356
9993887946
9993885535
9993883124
9993880713
9993878303
9993875892
9993873481
9993871070
9993868659
9993866249
9993863838
9993861427
9993859016
9993856606
9993854195
9993851784
9993849373
9993846963
9993844552
9993842141
9993839730
9993837319
9993834909
9993832498
9993830087
9993827676
9993825266
9993822855
9993820444
9993818033
9993815623
9993813212
9993810801
9993808390
9993805979
9993803569
9993801158
9993798747
9993796336
9993793926
9993791515
9993789104
9993786693
9993784283
9993781872
9993779461
9993777050
9993774639
9993772229
9993769818
9993767407
9993764996
9993762586
9993760175
9993757764
9993755353
9993752943
9993750532
9993748121
9993745710
9993743299
9993740889
9993738478
9993736067
9993733656
9993731246
9993728835
9993726424
9993724013
9993721603
9993719192
9993716781
9993714370
9993711959
9993709549
9993707138
9993704727
9993702316
9993699906
9993697495
9993695084
9993692673
9993690262
9993687852
9993685441
9993683030
9993680619
9993678209
9993675798
9993673387
9993670976
9993668566
9993666155
9993663744
9993661333
9993658922
9993656512
9993654101
9993651690
9993649279
9993646869
9993644458
9993642047
9993639636
9993637226
9993634815
9993632404
9993629993
9993627582
9993625172
9993622761
9993620350
9993617939
9993615529
9993613118
9993610707
9993608296
9993605886
9993603475
9993601064
9993598653
9993596242
9993593832
9993591421
9993589010
9993586599
9993584189
9993581778
9993579367
9993576956
9993574546
9993572135
9993569724
9993567313
9993564902
9993562492
9993560081
9993557670
9993555259
9993552849
9993550438
9993548027
9993545616
9993543206
9993540795
9993538384
9993535973
9993533562
9993531152
9993528741
9993526330
9993523919
9993521509
9993519098
9993516687
9993514276
9993511865
9993509455
9993507044
9993504633
9993502222
9993499812
9993497401
9993494990
9993492579
9993490169
9993487758
9993485347
9993482936
9993480525
9993478115
9993475704
9993473293
9993470882
9993468472
9993466061
9993463650
9993461239
9993458829
9993456418
9993454007
9993451596
9993449185
9993446775
9993444364
9993441953
9993439542
9993437132
9993434721
9993432310
9993429899
9993427489
9993425078
9993422667
9993420256
9993417845
9993415435
9993413024
9993410613
9993408202
9993405792
9993403381
9993400970
9993398559
9993396149
9993393738
9993391327
9993388916
9993386505
9993384095
9993381684
9993379273
9993376862
9993374452
9993372041
9993369630
9993367219
9993364809
9993362398
9993359987
9993357576
9993355165
9993352755
9993350344
9993347933
9993345522
9993343112
9993340701
9993338290
9993335879
9993333469
9993331058
9993328647
9993326236
9993323825
9993321415
9993319004
9993316593
9993314182
9993311772
9993309361
9993306950
9993304539
9993302128
9993299718
9993297307
9993294896
9993292485
9993290075
9993287664
9993285253
9993282842
9993280432
9993278021
9993275610
9993273199
9993270788
9993268378
9993265967
9993263556
9993261145
9993258735
9993256324
9993253913
9993251502
9993249092
9993246681
9993244270
9993241859
9993239448
9993237038
9993234627
9993232216
9993229805
9993227395
9993224984
9993222573
9993220162
9993217752
9993215341
9993212930
9993210519
9993208108
9993205698
9993203287
9993200876
9993198465
9993196055
9993193644
9993191233
9993188822
9993186412
9993184001
9993181590
9993179179
9993176768
9993174358
9993171947
9993169536
9993167125
9993164715
9993162304
9993159893
9993157482
9993155072
9993152661
9993150250
9993147839
9993145428
9993143018
9993140607
9993138196
9993135785
9993133375
9993130964
9993128553
9993126142
9993123731
9993121321
9993118910
9993116499
9993114088
9993111678
9993109267
9993106856
9993104445
9993102035
9993099624
9993097213
9993094802
9993092391
9993089981
9993087570
9993085159
9993082748
9993080338
9993077927
9993075516
9993073105
9993070695
9993068284
9993065873
9993063462
9993061051
9993058641
9993056230
9993053819
9993051408
9993048998
9993046587
9993044176
9993041765
9993039355
9993036944
9993034533
9993032122
9993029711
9993027301
9993024890
9993022479
9993020068
9993017658
9993015247
9993012836
9993010425
9993008015
9993005604
9993003193
9993000782
9992998371
9992995961
9992993550
9992991139
9992988728
9992986318
9992983907
9992981496
9992979085
9992976675
9992974264
9992971853
9992969442
9992967031
9992964621
9992962210
9992959799
9992957388
9992954978
9992952567
9992950156
9992947745
9992945335
9992942924
9992940513
9992938102
9992935691
9992933281
9992930870
9992928459
9992926048
9992923638
9992921227
9992918816
9992916405
9992913994
9992911584
9992909173
9992906762
9992904351
9992901941
9992899530
9992897119
9992894708
9992892298
9992889887
9992887476
9992885065
9992882654
9992880244
9992877833
9992875422
9992873011
9992870601
9992868190
9992865779
9992863368
9992860958
9992858547
9992856136
9992853725
9992851314
9992848904
9992846493
9992844082
9992841671
9992839261
9992836850
9992834439
9992832028
9992829618
9992827207
9992824796
9992822385
9992819974
9992817564
9992815153
9992812742
9992810331
9992807921
9992805510
9992803099
9992800688
9992798278
9992795867
9992793456
9992791045
9992788634
9992786224
9992783813
9992781402
9992778991
9992776581
9992774170
9992771759
9992769348
9992766938
9992764527
9992762116
9992759705
9992757294
9992754884
9992752473
9992750062
9992747651
9992745241
9992742830
9992740419
9992738008
9992735597
9992733187
9992730776
9992728365
9992725954
9992723544
9992721133
9992718722
9992716311
9992713901
9992711490
9992709079
9992706668
9992704257
9992701847
9992699436
9992697025
9992694614
9992692204
9992689793
9992687382
9992684971
9992682561
9992680150
9992677739
9992675328
9992672917
9992670507
9992668096
9992665685
9992663274
9992660864
9992658453
9992656042
9992653631
9992651221
9992648810
9992646399
9992643988
9992641577
9992639167
9992636756
9992634345
9992631934
9992629524
9992627113
9992624702
9992622291
9992619881
9992617470
9992615059
9992612648
9992610237
9992607827
9992605416
9992603005
9992600594
9992598184
9992595773
9992593362
9992590951
9992588541
9992586130
9992583719
9992581308
9992578897
9992576487
9992574076
9992571665
9992569254
9992566844
9992564433
9992562022
9992559611
9992557201
9992554790
9992552379
9992549968
9992547557
9992545147
9992542736
9992540325
9992537914
9992535504
9992533093
9992530682
9992528271
9992525860
9992523450
9992521039
9992518628
9992516217
9992513807
9992511396
9992508985
9992506574
9992504164
9992501753
9992499342
9992496931
9992494520
9992492110
9992489699
9992487288
9992484877
9992482467
9992480056
9992477645
9992475234
9992472824
9992470413
9992468002
9992465591
9992463180
9992460770
9992458359
9992455948
9992453537
9992451127
9992448716
9992446305
9992443894
9992441484
9992439073
9992436662
9992434251
9992431840
9992429430
9992427019
9992424608
9992422197
9992419787
9992417376
9992414965
9992412554
9992410144
9992407733
9992405322
9992402911
9992400500
9992398090
9992395679
9992393268
9992390857
9992388447
9992386036
9992383625
9992381214
9992378804
9992376393
9992373982
9992371571
9992369160
9992366750
9992364339
9992361928
9992359517
9992357107
9992354696
9992352285
9992349874
9992347463
9992345053
9992342642
9992340231
9992337820
9992335410
9992332999
9992330588
9992328177
9992325767
9992323356
9992320945
9992318534
9992316123
9992313713
9992311302
9992308891
9992306480
9992304070
9992301659
9992299248
9992296837
9992294427
9992292016
9992289605
9992287194
9992284783
9992282373
9992279962
9992277551
9992275140
9992272730
9992270319
9992267908
9992265497
9992263087
9992260676
9992258265
9992255854
9992253443
9992251033
9992248622
9992246211
9992243800
9992241390
9992238979
9992236568
9992234157
9992231747
9992229336
9992226925
9992224514
9992222103
9992219693
9992217282
9992214871
9992212460
9992210050
9992207639
9992205228
9992202817
9992200407
9992197996
9992195585
9992193174
9992190763
9992188353
9992185942
9992183531
9992181120
9992178710
9992176299
9992173888
9992171477
9992169067
9992166656
9992164245
9992161834
9992159423
9992157013
9992154602
9992152191
9992149780
9992147370
9992144959
9992142548
9992140137
9992137726
9992135316
9992132905
9992130494
9992128083
9992125673
9992123262
9992120851
9992118440
9992116030
9992113619
9992111208
9992108797
9992106386
9992103976
9992101565
9992099154
9992096743
9992094333
9992091922
9992089511
9992087100
9992084690
9992082279
9992079868
9992077457
9992075046
9992072636
9992070225
9992067814
9992065403
9992062993
9992060582
9992058171
9992055760
9992053350
9992050939
9992048528
9992046117
9992043706
9992041296
9992038885
9992036474
9992034063
9992031653
9992029242
9992026831
9992024420
9992022010
9992019599
9992017188
9992014777
9992012366
9992009956
9992007545
9992005134
9992002723
9992000313
9991997902
9991995491
9991993080
9991990670
9991988259
9991985848
9991983437
9991981026
9991978616
9991976205
9991973794
9991971383
9991968973
9991966562
9991964151
9991961740
9991959329
9991956919
9991954508
9991952097
9991949686
9991947276
9991944865
9991942454
9991940043
9991937633
9991935222
9991932811
9991930400
9991927989
9991925579
9991923168
9991920757
9991918346
9991915936
9991913525
9991911114
9991908703
9991906293
9991903882
9991901471
9991899060
9991896649
9991894239
9991891828
9991889417
9991887006
9991884596
9991882185
9991879774
9991877363
9991874953
9991872542
9991870131
9991867720
9991865309
9991862899
9991860488
9991858077
9991855666
9991853256
9991850845
9991848434
9991846023
9991843613
9991841202
9991838791
9991836380
9991833969
9991831559
9991829148
9991826737
9991824326
9991821916
9991819505
9991817094
9991814683
9991812273
9991809862
9991807451
9991805040
9991802629
9991800219
9991797808
9991795397
9991792986
9991790576
9991788165
9991785754
9991783343
9991780932
9991778522
9991776111
9991773700
9991771289
9991768879
9991766468
9991764057
9991761646
9991759236
9991756825
9991754414
9991752003
9991749592
9991747182
9991744771
9991742360
9991739949
9991737539
9991735128
9991732717
9991730306
9991727896
9991725485
9991723074
9991720663
9991718252
9991715842
9991713431
9991711020
9991708609
9991706199
9991703788
9991701377
9991698966
9991696556
9991694145
9991691734
9991689323
9991686912
9991684502
9991682091
9991679680
9991677269
9991674859
9991672448
9991670037
9991667626
9991665216
9991662805
9991660394
9991657983
9991655572
9991653162
9991650751
9991648340
9991645929
9991643519
9991641108
9991638697
9991636286
9991633876
9991631465
9991629054
9991626643
9991624232
9991621822
9991619411
9991617000
9991614589
9991612179
9991609768
9991607357
9991604946
9991602536
9991600125
9991597714
9991595303
9991592892
9991590482
9991588071
9991585660
9991583249
9991580839
9991578428
9991576017
9991573606
9991571195
9991568785
9991566374
9991563963
9991561552
9991559142
9991556731
9991554320
9991551909
9991549499
9991547088
9991544677
9991542266
9991539855
9991537445
9991535034
9991532623
9991530212
9991527802
9991525391
9991522980
9991520569
9991518159
9991515748
9991513337
9991510926
9991508515
9991506105
9991503694
9991501283
9991498872
9991496462
9991494051
9991491640
9991489229
9991486819
9991484408
9991481997
9991479586
9991477175
9991474765
9991472354
9991469943
9991467532
9991465122
9991462711
9991460300
9991457889
9991455479
9991453068
9991450657
9991448246
9991445835
9991443425
9991441014
9991438603
9991436192
9991433782
9991431371
9991428960
9991426549
9991424139
9991421728
9991419317
9991416906
9991414495
9991412085
9991409674
9991407263
9991404852
9991402442
9991400031
9991397620
9991395209
9991392798
9991390388
9991387977
9991385566
9991383155
9991380745
9991378334
9991375923
9991373512
9991371102
9991368691
9991366280
9991363869
9991361458
9991359048
9991356637
9991354226
9991351815
9991349405
9991346994
9991344583
9991342172
9991339762
9991337351
9991334940
9991332529
9991330118
9991327708
9991325297
9991322886
9991320475
9991318065
9991315654
9991313243
9991310832
9991308422
9991306011
9991303600
9991301189
9991298778
9991296368
9991293957
9991291546
9991289135
9991286725
9991284314
9991281903
9991279492
9991277082
9991274671
9991272260
9991269849
9991267438
9991265028
9991262617
9991260206
9991257795
9991255385
9991252974
9991250563
9991248152
9991245742
9991243331
9991240920
9991238509
9991236098
9991233688
9991231277
9991228866
9991226455
9991224045
9991221634
9991219223
9991216812
9991214402
9991211991
9991209580
9991207169
9991204758
9991202348
9991199937
9991197526
9991195115
9991192705
9991190294
9991187883
9991185472
9991183061
9991180651
9991178240
9991175829
9991173418
9991171008
9991168597
9991166186
9991163775
9991161365
9991158954
9991156543
9991154132
9991151721
9991149311
9991146900
9991144489
9991142078
9991139668
9991137257
9991134846
9991132435
9991130025
9991127614
9991125203
9991122792
9991120381
9991117971
9991115560
9991113149
9991110738
9991108328
9991105917
9991103506
9991101095
9991098685
9991096274
9991093863
9991091452
9991089041
9991086631
9991084220
9991081809
9991079398
9991076988
9991074577
9991072166
9991069755
9991067345
9991064934
9991062523
9991060112
9991057701
9991055291
9991052880
9991050469
9991048058
9991045648
9991043237
9991040826
9991038415
9991036005
9991033594
9991031183
9991028772
9991026361
9991023951
9991021540
9991019129
9991016718
9991014308
9991011897
9991009486
9991007075
9991004664
9991002254
9990999843
9990997432
9990995021
9990992611
9990990200
9990987789
9990985378
9990982968
9990980557
9990978146
9990975735
9990973324
9990970914
9990968503
9990966092
9990963681
9990961271
9990958860
9990956449
9990954038
9990951628
9990949217
9990946806
9990944395
9990941984
9990939574
9990937163
9990934752
9990932341
9990929931
9990927520
9990925109
9990922698
9990920288
9990917877
9990915466
9990913055
9990910644
9990908234
9990905823
9990903412
9990901001
9990898591
9990896180
9990893769
9990891358
9990888948
9990886537
9990884126
9990881715
9990879304
9990876894
9990874483
9990872072
9990869661
9990867251
9990864840
9990862429
9990860018
9990857608
9990855197
9990852786
9990850375
9990847964
9990845554
9990843143
9990840732
9990838321
9990835911
9990833500
9990831089
9990828678
9990826268
9990823857
9990821446
9990819035
9990816624
9990814214
9990811803
9990809392
9990806981
9990804571
9990802160
9990799749
9990797338
9990794927
9990792517
9990790106
9990787695
9990785284
9990782874
9990780463
9990778052
9990775641
9990773231
9990770820
9990768409
9990765998
9990763587
9990761177
9990758766
9990756355
9990753944
9990751534
9990749123
9990746712
9990744301
9990741891
9990739480
9990737069
9990734658
9990732247
9990729837
9990727426
9990725015
9990722604
9990720194
9990717783
9990715372
9990712961
9990710551
9990708140
9990705729
9990703318
9990700907
9990698497
9990696086
9990693675
9990691264
9990688854
9990686443
9990684032
9990681621
9990679211
9990676800
9990674389
9990671978
9990669567
9990667157
9990664746
9990662335
9990659924
9990657514
9990655103
9990652692
9990650281
9990647871
9990645460
9990643049
9990640638
9990638227
9990635817
9990633406
9990630995
9990628584
9990626174
9990623763
9990621352
9990618941
9990616530
9990614120
9990611709
9990609298
9990606887
9990604477
9990602066
9990599655
9990597244
9990594834
9990592423
9990590012
9990587601
9990585190
9990582780
9990580369
9990577958
9990575547
9990573137
9990570726
9990568315
9990565904
9990563494
9990561083
9990558672
9990556261
9990553850
9990551440
9990549029
9990546618
9990544207
9990541797
9990539386
9990536975
9990534564
9990532154
9990529743
9990527332
9990524921
9990522510
9990520100
9990517689
9990515278
9990512867
9990510457
9990508046
9990505635
9990503224
9990500814
9990498403
9990495992
9990493581
9990491170
9990488760
9990486349
9990483938
9990481527
9990479117
9990476706
9990474295
9990471884
9990469474
9990467063
9990464652
9990462241
9990459830
9990457420
9990455009
9990452598
9990450187
9990447777
9990445366
9990442955
9990440544
9990438134
9990435723
9990433312
9990430901
9990428490
9990426080
9990423669
9990421258
9990418847
9990416437
9990414026
9990411615
9990409204
9990406793
9990404383
9990401972
9990399561
9990397150
9990394740
9990392329
9990389918
9990387507
9990385097
9990382686
9990380275
9990377864
9990375453
9990373043
9990370632
9990368221
9990365810
9990363400
9990360989
9990358578
9990356167
9990353757
9990351346
9990348935
9990346524
9990344113
9990341703
9990339292
9990336881
9990334470
9990332060
9990329649
9990327238
9990324827
9990322417
9990320006
9990317595
9990315184
9990312773
9990310363
9990307952
9990305541
9990303130
9990300720
9990298309
9990295898
9990293487
9990291077
9990288666
9990286255
9990283844
9990281433
9990279023
9990276612
9990274201
9990271790
9990269380
9990266969
9990264558
9990262147
9990259737
9990257326
9990254915
9990252504
9990250093
9990247683
9990245272
9990242861
9990240450
9990238040
9990235629
9990233218
9990230807
9990228396
9990225986
9990223575
9990221164
9990218753
9990216343
9990213932
9990211521
9990209110
9990206700
9990204289
9990201878
9990199467
9990197056
9990194646
9990192235
9990189824
9990187413
9990185003
9990182592
9990180181
9990177770
9990175360
9990172949
9990170538
9990168127
9990165716
9990163306
9990160895
9990158484
9990156073
9990153663
9990151252
9990148841
9990146430
9990144020
9990141609
9990139198
9990136787
9990134376
9990131966
9990129555
9990127144
9990124733
9990122323
9990119912
9990117501
9990115090
9990112680
9990110269
9990107858
9990105447
9990103036
9990100626
9990098215
9990095804
9990093393
9990090983
9990088572
9990086161
9990083750
9990081340
9990078929
9990076518
9990074107
9990071696
9990069286
9990066875
9990064464
9990062053
9990059643
9990057232
9990054821
9990052410
9990050000
9990047589
9990045178
9990042767
9990040356
9990037946
9990035535
9990033124
9990030713
9990028303
9990025892
9990023481
9990021070
9990018659
9990016249
9990013838
9990011427
9990009016
9990006606
9990004195
9990001784
9989999373
9989996963
9989994552
9989992141
9989989730
9989987319
9989984909
9989982498
9989980087
9989977676
9989975266
9989972855
9989970444
9989968033
9989965623
9989963212
9989960801
9989958390
9989955979
9989953569
9989951158
9989948747
9989946336
9989943926
9989941515
9989939104
9989936693
9989934283
9989931872
9989929461
9989927050
9989924639
9989922229
9989919818
9989917407
9989914996
9989912586
9989910175
9989907764
9989905353
9989902943
9989900532
9989898121
9989895710
9989893299
9989890889
9989888478
9989886067
9989883656
9989881246
9989878835
9989876424
9989874013
9989871603
9989869192
9989866781
9989864370
9989861959
9989859549
9989857138
9989854727
9989852316
9989849906
9989847495
9989845084
9989842673
9989840262
9989837852
9989835441
9989833030
9989830619
9989828209
9989825798
9989823387
9989820976
9989818566
9989816155
9989813744
9989811333
9989808922
9989806512
9989804101
9989801690
9989799279
9989796869
9989794458
9989792047
9989789636
9989787226
9989784815
9989782404
9989779993
9989777582
9989775172
9989772761
9989770350
9989767939
9989765529
9989763118
9989760707
9989758296
9989755886
9989753475
9989751064
9989748653
9989746242
9989743832
9989741421
9989739010
9989736599
9989734189
9989731778
9989729367
9989726956
9989724546
9989722135
9989719724
9989717313
9989714902
9989712492
9989710081
9989707670
9989705259
9989702849
9989700438
9989698027
9989695616
9989693206
9989690795
9989688384
9989685973
9989683562
9989681152
9989678741
9989676330
9989673919
9989671509
9989669098
9989666687
9989664276
9989661865
9989659455
9989657044
9989654633
9989652222
9989649812
9989647401
9989644990
9989642579
9989640169
9989637758
9989635347
9989632936
9989630525
9989628115
9989625704
9989623293
9989620882
9989618472
9989616061
9989613650
9989611239
9989608829
9989606418
9989604007
9989601596
9989599185
9989596775
9989594364
9989591953
9989589542
9989587132
9989584721
9989582310
9989579899
9989577489
9989575078
9989572667
9989570256
9989567845
9989565435
9989563024
9989560613
9989558202
9989555792
9989553381
9989550970
9989548559
9989546149
9989543738
9989541327
9989538916
9989536505
9989534095
9989531684
9989529273
9989526862
9989524452
9989522041
9989519630
9989517219
9989514809
9989512398
9989509987
9989507576
9989505165
9989502755
9989500344
9989497933
9989495522
9989493112
9989490701
9989488290
9989485879
9989483469
9989481058
9989478647
9989476236
9989473825
9989471415
9989469004
9989466593
9989464182
9989461772
9989459361
9989456950
9989454539
9989452128
9989449718
9989447307
9989444896
9989442485
9989440075
9989437664
9989435253
9989432842
9989430432
9989428021
9989425610
9989423199
9989420788
9989418378
9989415967
9989413556
9989411145
9989408735
9989406324
9989403913
9989401502
9989399092
9989396681
9989394270
9989391859
9989389448
9989387038
9989384627
9989382216
9989379805
9989377395
9989374984
9989372573
9989370162
9989367752
9989365341
9989362930
9989360519
9989358108
9989355698
9989353287
9989350876
9989348465
9989346055
9989343644
9989341233
9989338822
9989336412
9989334001
9989331590
9989329179
9989326768
9989324358
9989321947
9989319536
9989317125
9989314715
9989312304
9989309893
9989307482
9989305072
9989302661
9989300250
9989297839
9989295428
9989293018
9989290607
9989288196
9989285785
9989283375
9989280964
9989278553
9989276142
9989273731
9989271321
9989268910
9989266499
9989264088
9989261678
9989259267
9989256856
9989254445
9989252035
9989249624
9989247213
9989244802
9989242391
9989239981
9989237570
9989235159
9989232748
9989230338
9989227927
9989225516
9989223105
9989220695
9989218284
9989215873
9989213462
9989211051
9989208641
9989206230
9989203819
9989201408
9989198998
9989196587
9989194176
9989191765
9989189355
9989186944
9989184533
9989182122
9989179711
9989177301
9989174890
9989172479
9989170068
9989167658
9989165247
9989162836
9989160425
9989158015
9989155604
9989153193
9989150782
9989148371
9989145961
9989143550
9989141139
9989138728
9989136318
9989133907
9989131496
9989129085
9989126675
9989124264
9989121853
9989119442
9989117031
9989114621
9989112210
9989109799
9989107388
9989104978
9989102567
9989100156
9989097745
9989095335
9989092924
9989090513
9989088102
9989085691
9989083281
9989080870
9989078459
9989076048
9989073638
9989071227
9989068816
9989066405
9989063994
9989061584
9989059173
9989056762
9989054351
9989051941
9989049530
9989047119
9989044708
9989042298
9989039887
9989037476
9989035065
9989032654
9989030244
9989027833
9989025422
9989023011
9989020601
9989018190
9989015779
9989013368
9989010958
9989008547
9989006136
9989003725
9989001314
9988998904
9988996493
9988994082
9988991671
9988989261
9988986850
9988984439
9988982028
9988979618
9988977207
9988974796
9988972385
9988969974
9988967564
9988965153
9988962742
9988960331
9988957921
9988955510
9988953099
9988950688
9988948278
9988945867
9988943456
9988941045
9988938634
9988936224
9988933813
9988931402
9988928991
9988926581
9988924170
9988921759
9988919348
9988916938
9988914527
9988912116
9988909705
9988907294
9988904884
9988902473
9988900062
9988897651
9988895241
9988892830
9988890419
9988888008
9988885597
9988883187
9988880776
9988878365
9988875954
9988873544
9988871133
9988868722
9988866311
9988863901
9988861490
9988859079
9988856668
9988854257
9988851847
9988849436
9988847025
9988844614
9988842204
9988839793
9988837382
9988834971
9988832561
9988830150
9988827739
9988825328
9988822917
9988820507
9988818096
9988815685
9988813274
9988810864
9988808453
9988806042
9988803631
9988801221
9988798810
9988796399
9988793988
9988791577
9988789167
9988786756
9988784345
9988781934
9988779524
9988777113
9988774702
9988772291
9988769881
9988767470
9988765059
9988762648
9988760237
9988757827
9988755416
9988753005
9988750594
9988748184
9988745773
9988743362
9988740951
9988738541
9988736130
9988733719
9988731308
9988728897
9988726487
9988724076
9988721665
9988719254
9988716844
9988714433
9988712022
9988709611
9988707201
9988704790
9988702379
9988699968
9988697557
9988695147
9988692736
9988690325
9988687914
9988685504
9988683093
9988680682
9988678271
9988675860
9988673450
9988671039
9988668628
9988666217
9988663807
9988661396
9988658985
9988656574
9988654164
9988651753
9988649342
9988646931
9988644520
9988642110
9988639699
9988637288
9988634877
9988632467
9988630056
9988627645
9988625234
9988622824
9988620413
9988618002
9988615591
9988613180
9988610770
9988608359
9988605948
9988603537
9988601127
9988598716
9988596305
9988593894
9988591484
9988589073
9988586662
9988584251
9988581840
9988579430
9988577019
9988574608
9988572197
9988569787
9988567376
9988564965
9988562554
9988560144
9988557733
9988555322
9988552911
9988550500
9988548090
9988545679
9988543268
9988540857
9988538447
9988536036
9988533625
9988531214
9988528804
9988526393
9988523982
9988521571
9988519160
9988516750
9988514339
9988511928
9988509517
9988507107
9988504696
9988502285
9988499874
9988497463
9988495053
9988492642
9988490231
9988487820
9988485410
9988482999
9988480588
9988478177
9988475767
9988473356
9988470945
9988468534
9988466123
9988463713
9988461302
9988458891
9988456480
9988454070
9988451659
9988449248
9988446837
9988444427
9988442016
9988439605
9988437194
9988434783
9988432373
9988429962
9988427551
9988425140
9988422730
9988420319
9988417908
9988415497
9988413087
9988410676
9988408265
9988405854
9988403443
9988401033
9988398622
9988396211
9988393800
9988391390
9988388979
9988386568
9988384157
9988381747
9988379336
9988376925
9988374514
9988372103
9988369693
9988367282
9988364871
9988362460
9988360050
9988357639
9988355228
9988352817
9988350407
9988347996
9988345585
9988343174
9988340763
9988338353
9988335942
9988333531
9988331120
9988328710
9988326299
9988323888
9988321477
9988319067
9988316656
9988314245
9988311834
9988309423
9988307013
9988304602
9988302191
9988299780
9988297370
9988294959
9988292548
9988290137
9988287726
9988285316
9988282905
9988280494
9988278083
9988275673
9988273262
9988270851
9988268440
9988266030
9988263619
9988261208
9988258797
9988256386
9988253976
9988251565
9988249154
9988246743
9988244333
9988241922
9988239511
9988237100
9988234690
9988232279
9988229868
9988227457
9988225046
9988222636
9988220225
9988217814
9988215403
9988212993
9988210582
9988208171
9988205760
9988203350
9988200939
9988198528
9988196117
9988193706
9988191296
9988188885
9988186474
9988184063
9988181653
9988179242
9988176831
9988174420
9988172010
9988169599
9988167188
9988164777
9988162366
9988159956
9988157545
9988155134
9988152723
9988150313
9988147902
9988145491
9988143080
9988140670
9988138259
9988135848
9988133437
9988131026
9988128616
9988126205
9988123794
9988121383
9988118973
9988116562
9988114151
9988111740
9988109329
9988106919
9988104508
9988102097
9988099686
9988097276
9988094865
9988092454
9988090043
9988087633
9988085222
9988082811
9988080400
9988077989
9988075579
9988073168
9988070757
9988068346
9988065936
9988063525
9988061114
9988058703
9988056293
9988053882
9988051471
9988049060
9988046649
9988044239
9988041828
9988039417
9988037006
9988034596
9988032185
9988029774
9988027363
9988024953
9988022542
9988020131
9988017720
9988015309
9988012899
9988010488
9988008077
9988005666
9988003256
9988000845
9987998434
9987996023
9987993613
9987991202
9987988791
9987986380
9987983969
9987981559
9987979148
9987976737
9987974326
9987971916
9987969505
9987967094
9987964683
9987962273
9987959862
9987957451
9987955040
9987952629
9987950219
9987947808
9987945397
9987942986
9987940576
9987938165
9987935754
9987933343
9987930932
9987928522
9987926111
9987923700
9987921289
9987918879
9987916468
9987914057
9987911646
9987909236
9987906825
9987904414
9987902003
9987899592
9987897182
9987894771
9987892360
9987889949
9987887539
9987885128
9987882717
9987880306
9987877896
9987875485
9987873074
9987870663
9987868252
9987865842
9987863431
9987861020
9987858609
9987856199
9987853788
9987851377
9987848966
9987846556
9987844145
9987841734
9987839323
9987836912
9987834502
9987832091
9987829680
9987827269
9987824859
9987822448
9987820037
9987817626
9987815216
9987812805
9987810394
9987807983
9987805572
9987803162
9987800751
9987798340
9987795929
9987793519
9987791108
9987788697
9987786286
9987783876
9987781465
9987779054
9987776643
9987774232
9987771822
9987769411
9987767000
9987764589
9987762179
9987759768
9987757357
9987754946
9987752536
9987750125
9987747714
9987745303
9987742892
9987740482
9987738071
9987735660
9987733249
9987730839
9987728428
9987726017
9987723606
9987721195
9987718785
9987716374
9987713963
9987711552
9987709142
9987706731
9987704320
9987701909
9987699499
9987697088
9987694677
9987692266
9987689855
9987687445
9987685034
9987682623
9987680212
9987677802
9987675391
9987672980
9987670569
9987668159
9987665748
9987663337
9987660926
9987658515
9987656105
9987653694
9987651283
9987648872
9987646462
9987644051
9987641640
9987639229
9987636819
9987634408
9987631997
9987629586
9987627175
9987624765
9987622354
9987619943
9987617532
9987615122
9987612711
9987610300
9987607889
9987605479
9987603068
9987600657
9987598246
9987595835
9987593425
9987591014
9987588603
9987586192
9987583782
9987581371
9987578960
9987576549
9987574139
9987571728
9987569317
9987566906
9987564495
9987562085
9987559674
9987557263
9987554852
9987552442
9987550031
9987547620
9987545209
9987542798
9987540388
9987537977
9987535566
9987533155
9987530745
9987528334
9987525923
9987523512
9987521102
9987518691
9987516280
9987513869
9987511458
9987509048
9987506637
9987504226
9987501815
9987499405
9987496994
9987494583
9987492172
9987489762
9987487351
9987484940
9987482529
9987480118
9987477708
9987475297
9987472886
9987470475
9987468065
9987465654
9987463243
9987460832
9987458422
9987456011
9987453600
9987451189
9987448778
9987446368
9987443957
9987441546
9987439135
9987436725
9987434314
9987431903
9987429492
9987427082
9987424671
9987422260
9987419849
9987417438
9987415028
9987412617
9987410206
9987407795
9987405385
9987402974
9987400563
9987398152
9987395742
9987393331
9987390920
9987388509
9987386098
9987383688
9987381277
9987378866
9987376455
9987374045
9987371634
9987369223
9987366812
9987364402
9987361991
9987359580
9987357169
9987354758
9987352348
9987349937
9987347526
9987345115
9987342705
9987340294
9987337883
9987335472
9987333061
9987330651
9987328240
9987325829
9987323418
9987321008
9987318597
9987316186
9987313775
9987311365
9987308954
9987306543
9987304132
9987301721
9987299311
9987296900
9987294489
9987292078
9987289668
9987287257
9987284846
9987282435
9987280025
9987277614
9987275203
9987272792
9987270381
9987267971
9987265560
9987263149
9987260738
9987258328
9987255917
9987253506
9987251095
9987248685
9987246274
9987243863
9987241452
9987239041
9987236631
9987234220
9987231809
9987229398
9987226988
9987224577
9987222166
9987219755
9987217345
9987214934
9987212523
9987210112
9987207701
9987205291
9987202880
9987200469
9987198058
9987195648
9987193237
9987190826
9987188415
9987186005
9987183594
9987181183
9987178772
9987176361
9987173951
9987171540
9987169129
9987166718
9987164308
9987161897
9987159486
9987157075
9987154664
9987152254
9987149843
9987147432
9987145021
9987142611
9987140200
9987137789
9987135378
9987132968
9987130557
9987128146
9987125735
9987123324
9987120914
9987118503
9987116092
9987113681
9987111271
9987108860
9987106449
9987104038
9987101628
9987099217
9987096806
9987094395
9987091984
9987089574
9987087163
9987084752
9987082341
9987079931
9987077520
9987075109
9987072698
9987070288
9987067877
9987065466
9987063055
9987060644
9987058234
9987055823
9987053412
9987051001
9987048591
9987046180
9987043769
9987041358
9987038948
9987036537
9987034126
9987031715
9987029304
9987026894
9987024483
9987022072
9987019661
9987017251
9987014840
9987012429
9987010018
9987007608
9987005197
9987002786
9987000375
9986997964
9986995554
9986993143
9986990732
9986988321
9986985911
9986983500
9986981089
9986978678
9986976268
9986973857
9986971446
9986969035
9986966624
9986964214
9986961803
9986959392
9986956981
9986954571
9986952160
9986949749
9986947338
9986944927
9986942517
9986940106
9986937695
9986935284
9986932874
9986930463
9986928052
9986925641
9986923231
9986920820
9986918409
9986915998
9986913587
9986911177
9986908766
9986906355
9986903944
9986901534
9986899123
9986896712
9986894301
9986891891
9986889480
9986887069
9986884658
9986882247
9986879837
9986877426
9986875015
9986872604
9986870194
9986867783
9986865372
9986862961
9986860551
9986858140
9986855729
9986853318
9986850907
9986848497
9986846086
9986843675
9986841264
9986838854
9986836443
9986834032
9986831621
9986829211
9986826800
9986824389
9986821978
9986819567
9986817157
9986814746
9986812335
9986809924
9986807514
9986805103
9986802692
9986800281
9986797871
9986795460
9986793049
9986790638
9986788227
9986785817
9986783406
9986780995
9986778584
9986776174
9986773763
9986771352
9986768941
9986766530
9986764120
9986761709
9986759298
9986756887
9986754477
9986752066
9986749655
9986747244
9986744834
9986742423
9986740012
9986737601
9986735190
9986732780
9986730369
9986727958
9986725547
9986723137
9986720726
9986718315
9986715904
9986713494
9986711083
9986708672
9986706261
9986703850
9986701440
9986699029
9986696618
9986694207
9986691797
9986689386
9986686975
9986684564
9986682154
9986679743
9986677332
9986674921
9986672510
9986670100
9986667689
9986665278
9986662867
9986660457
9986658046
9986655635
9986653224
9986650814
9986648403
9986645992
9986643581
9986641170
9986638760
9986636349
9986633938
9986631527
9986629117
9986626706
9986624295
9986621884
9986619474
9986617063
9986614652
9986612241
9986609830
9986607420
9986605009
9986602598
9986600187
9986597777
9986595366
9986592955
9986590544
9986588134
9986585723
9986583312
9986580901
9986578490
9986576080
9986573669
9986571258
9986568847
9986566437
9986564026
9986561615
9986559204
9986556793
9986554383
9986551972
9986549561
9986547150
9986544740
9986542329
9986539918
9986537507
9986535097
9986532686
9986530275
9986527864
9986525453
9986523043
9986520632
9986518221
9986515810
9986513400
9986510989
9986508578
9986506167
9986503757
9986501346
9986498935
9986496524
9986494113
9986491703
9986489292
9986486881
9986484470
9986482060
9986479649
9986477238
9986474827
9986472417
9986470006
9986467595
9986465184
9986462773
9986460363
9986457952
9986455541
9986453130
9986450720
9986448309
9986445898
9986443487
9986441077
9986438666
9986436255
9986433844
9986431433
9986429023
9986426612
9986424201
9986421790
9986419380
9986416969
9986414558
9986412147
9986409737
9986407326
9986404915
9986402504
9986400093
9986397683
9986395272
9986392861
9986390450
9986388040
9986385629
9986383218
9986380807
9986378396
9986375986
9986373575
9986371164
9986368753
9986366343
9986363932
9986361521
9986359110
9986356700
9986354289
9986351878
9986349467
9986347056
9986344646
9986342235
9986339824
9986337413
9986335003
9986332592
9986330181
9986327770
9986325360
9986322949
9986320538
9986318127
9986315716
9986313306
9986310895
9986308484
9986306073
9986303663
9986301252
9986298841
9986296430
9986294020
9986291609
9986289198
9986286787
9986284376
9986281966
9986279555
9986277144
9986274733
9986272323
9986269912
9986267501
9986265090
9986262680
9986260269
9986257858
9986255447
9986253036
9986250626
9986248215
9986245804
9986243393
9986240983
9986238572
9986236161
9986233750
9986231340
9986228929
9986226518
9986224107
9986221696
9986219286
9986216875
9986214464
9986212053
9986209643
9986207232
9986204821
9986202410
9986200000
9986074448
9985948897
9985823345
9985697794
9985572242
9985446691
9985321139
9985195588
9985070036
9984944485
9984818933
9984693382
9984567830
9984442279
9984316727
9984191176
9984065625
9983940073
9983814522
9983688970
9983563419
9983437867
9983312316
9983186764
9983061213
9982935661
9982810110
9982684558
9982559007
9982433455
9982307904
9982182352
9982056801
9981931250
9981805698
9981680147
9981554595
9981429044
9981303492
9981177941
9981052389
9980926838
9980801286
9980675735
9980550183
9980424632
9980299080
9980173529
9980047977
9979922426
9979796875
9979671323
9979545772
9979420220
9979294669
9979169117
9979043566
9978918014
9978792463
9978666911
9978541360
9978415808
9978290257
9978164705
9978039154
9977913602
9977788051
9977662500
9977536948
9977411397
9977285845
9977160294
9977034742
9976909191
9976783639
9976658088
9976532536
9976406985
9976281433
9976155882
9976030330
9975904779
9975779227
9975653676
9975528125
9975402573
9975277022
9975151470
9975025919
9974900367
9974774816
9974649264
9974523713
9974398161
9974272610
9974147058
9974021507
9973895955
9973770404
9973644852
9973519301
9973393750
9973268198
9973142647
9973017095
9972891544
9972765992
9972640441
9972514889
9972389338
9972263786
9972138235
9972012683
9971887132
9971761580
9971636029
9971510477
9971384926
9971259375
9971133823
9971008272
9970882720
9970757169
9970631617
9970506066
9970380514
9970254963
9970129411
9970003860
9969878308
9969752757
9969627205
9969501654
9969376102
9969250551
9969125000
9968999448
9968873897
9968748345
9968622794
9968497242
9968371691
9968246139
9968120588
9967995036
9967869485
9967743933
9967618382
9967492830
9967367279
9967241727
9967116176
9966990625
9966865073
9966739522
9966613970
9966488419
9966362867
9966237316
9966111764
9965986213
9965860661
9965735110
9965609558
9965484007
9965358455
9965232904
9965107352
9964981801
9964856250
9964730698
9964605147
9964479595
9964354044
9964228492
9964102941
9963977389
9963851838
9963726286
9963600735
9963475183
9963349632
9963224080
9963098529
9962972977
9962847426
9962721875
9962596323
9962470772
9962345220
9962219669
9962094117
9961968566
9961843014
9961717463
9961591911
9961466360
9961340808
9961215257
9961089705
9960964154
9960838602
9960713051
9960587500
9960461948
9960336397
9960210845
9960085294
9959959742
9959834191
9959708639
9959583088
9959457536
9959331985
9959206433
9959080882
9958955330
9958829779
9958704227
9958578676
9958453125
9958327573
9958202022
9958076470
9957950919
9957825367
9957699816
9957574264
9957448713
9957323161
9957197610
9957072058
9956946507
9956820955
9956695404
9956569852
9956444301
9956318750
9956193198
9956067647
9955942095
9955816544
9955690992
9955565441
9955439889
9955314338
9955188786
9955063235
9954937683
9954812132
9954686580
9954561029
9954435477
9954309926
9954184375
9954058823
9953933272
9953807720
9953682169
9953556617
9953431066
9953305514
9953179963
9953054411
9952928860
9952803308
9952677757
9952552205
9952426654
9952301102
9952175551
9952050000
9951924448
9951798897
9951673345
9951547794
9951422242
9951296691
9951171139
9951045588
9950920036
9950794485
9950668933
9950543382
9950417830
9950292279
9950166727
9950041176
9949915625
9949790073
9949664522
9949538970
9949413419
9949287867
9949162316
9949036764
9948911213
9948785661
9948660110
9948534558
9948409007
9948283455
9948157904
9948032352
9947906801
9947781250
9947655698
9947530147
9947404595
9947279044
9947153492
9947027941
9946902389
9946776838
9946651286
9946525735
9946400183
9946274632
9946149080
9946023529
9945897977
9945772426
9945646875
9945521323
9945395772
9945270220
9945144669
9945019117
9944893566
9944768014
9944642463
9944516911
9944391360
9944265808
9944140257
9944014705
9943889154
9943763602
9943638051
9943512500
9943386948
9943261397
9943135845
9943010294
9942884742
9942759191
9942633639
9942508088
9942382536
9942256985
9942131433
9942005882
9941880330
9941754779
9941629227
9941503676
9941378125
9941252573
9941127022
9941001470
9940875919
9940750367
9940624816
9940499264
9940373713
9940248161
9940122610
9939997058
9939871507
9939745955
9939620404
9939494852
9939369301
9939243750
9939118198
9938992647
9938867095
9938741544
9938615992
9938490441
9938364889
9938239338
9938113786
9937988235
9937862683
9937737132
9937611580
9937486029
9937360477
9937234926
9937109375
9936983823
9936858272
9936732720
9936607169
9936481617
9936356066
9936230514
9936104963
9935979411
9935853860
9935728308
9935602757
9935477205
9935351654
9935226102
9935100551
9934975000
9934849448
9934723897
9934598345
9934472794
9934347242
9934221691
9934096139
9933970588
9933845036
9933719485
9933593933
9933468382
9933342830
9933217279
9933091727
9932966176
9932840625
9932715073
9932589522
9932463970
9932338419
9932212867
9932087316
9931961764
9931836213
9931710661
9931585110
9931459558
9931334007
9931208455
9931082904
9930957352
9930831801
9930706250
9930580698
9930455147
9930329595
9930204044
9930078492
9929952941
9929827389
9929701838
9929576286
9929450735
9929325183
9929199632
9929074080
9928948529
9928822977
9928697426
9928571875
9928446323
9928320772
9928195220
9928069669
9927944117
9927818566
9927693014
9927567463
9927441911
9927316360
9927190808
9927065257
9926939705
9926814154
9926688602
9926563051
9926437500
9926311948
9926186397
9926060845
9925935294
9925809742
9925684191
9925558639
9925433088
9925307536
9925181985
9925056433
9924930882
9924805330
9924679779
9924554227
9924428676
9924303125
9924177573
9924052022
9923926470
9923800919
9923675367
9923549816
9923424264
9923298713
9923173161
9923047610
9922922058
9922796507
9922670955
9922545404
9922419852
9922294301
9922168750
9922043198
9921917647
9921792095
9921666544
9921540992
9921415441
9921289889
9921164338
9921038786
9920913235
9920787683
9920662132
9920536580
9920411029
9920285477
9920159926
9920034375
9919908823
9919783272
9919657720
9919532169
9919406617
9919281066
9919155514
9919029963
9918904411
9918778860
9918653308
9918527757
9918402205
9918276654
9918151102
9918025551
9917900000
9907725000
9897550000
9887375000
9877200000
9817362500
9757525000
9697687500
9637850000
9578012500
9518175000
9458337500
9398500000
9338662500
9278825000
9218987500
9159150000
9099312500
9039475000
8979637500
8919800000
